INFO: checking out_of_order...
INFO:     out_of_order check complete (0.002011 sec).
INFO: checking system...
INFO:     system check complete (0.000082 sec).
INFO: checking solvers...
INFO:     solvers check complete (0.000540 sec).
INFO: checking dup_inputs...
INFO:     dup_inputs check complete (0.000290 sec).
INFO: checking missing_recorders...
INFO:     missing_recorders check complete (0.000011 sec).
INFO: checking unserializable_options...
INFO:     unserializable_options check complete (0.000362 sec).
INFO: checking comp_has_no_outputs...
INFO:     comp_has_no_outputs check complete (0.000109 sec).
INFO: checking auto_ivc_warnings...
INFO:     auto_ivc_warnings check complete (0.000012 sec).
INFO: checking out_of_order...
INFO:     out_of_order check complete (0.000381 sec).
INFO: checking system...
INFO:     system check complete (0.000058 sec).
INFO: checking solvers...
INFO:     solvers check complete (0.000408 sec).
INFO: checking dup_inputs...
INFO:     dup_inputs check complete (0.000124 sec).
INFO: checking missing_recorders...
INFO:     missing_recorders check complete (0.000014 sec).
INFO: checking unserializable_options...
INFO:     unserializable_options check complete (0.000547 sec).
INFO: checking comp_has_no_outputs...
INFO:     comp_has_no_outputs check complete (0.000094 sec).
INFO: checking auto_ivc_warnings...
INFO:     auto_ivc_warnings check complete (0.000007 sec).
INFO: checking out_of_order...
INFO:     out_of_order check complete (0.001128 sec).
INFO: checking system...
INFO:     system check complete (0.000070 sec).
INFO: checking solvers...
INFO:     solvers check complete (0.000303 sec).
INFO: checking dup_inputs...
INFO:     dup_inputs check complete (0.000129 sec).
INFO: checking missing_recorders...
INFO:     missing_recorders check complete (0.000010 sec).
INFO: checking unserializable_options...
INFO:     unserializable_options check complete (0.000360 sec).
INFO: checking comp_has_no_outputs...
INFO:     comp_has_no_outputs check complete (0.000086 sec).
INFO: checking auto_ivc_warnings...
INFO:     auto_ivc_warnings check complete (0.000005 sec).
INFO: checking out_of_order...
INFO:     out_of_order check complete (0.000615 sec).
INFO: checking system...
INFO:     system check complete (0.000053 sec).
INFO: checking solvers...
INFO:     solvers check complete (0.000372 sec).
INFO: checking dup_inputs...
INFO:     dup_inputs check complete (0.000134 sec).
INFO: checking missing_recorders...
INFO:     missing_recorders check complete (0.000009 sec).
INFO: checking unserializable_options...
INFO:     unserializable_options check complete (0.000313 sec).
INFO: checking comp_has_no_outputs...
INFO:     comp_has_no_outputs check complete (0.000083 sec).
INFO: checking auto_ivc_warnings...
INFO:     auto_ivc_warnings check complete (0.000004 sec).
